<?xml version="1.0" encoding="UTF-8"?>
<testsuite name="test.java.SILab2Test" tests="10" skipped="0" failures="0" errors="0" timestamp="2024-05-26T12:42:41" hostname="DESKTOP-AUUES4S" time="0.072">
  <properties/>
  <testcase name="testSumGreaterThanPayment()" classname="test.java.SILab2Test" time="0.036"/>
  <testcase name="testItemWithValidNameAndNullBarcode()" classname="test.java.SILab2Test" time="0.005"/>
  <testcase name="testItemWithEmptyNameAndValidBarcode()" classname="test.java.SILab2Test" time="0.002"/>
  <testcase name="testNullAllItems()" classname="test.java.SILab2Test" time="0.003"/>
  <testcase name="testItemWithAdditionalDiscount()" classname="test.java.SILab2Test" time="0.002"/>
  <testcase name="testItemWithNullNameAndValidBarcode()" classname="test.java.SILab2Test" time="0.001"/>
  <testcase name="testItemWithInvalidBarcode()" classname="test.java.SILab2Test" time="0.001"/>
  <testcase name="testEmptyAllItems()" classname="test.java.SILab2Test" time="0.002"/>
  <testcase name="testMultipleItems()" classname="test.java.SILab2Test" time="0.001"/>
  <testcase name="testItemWithDiscountAndValidBarcode()" classname="test.java.SILab2Test" time="0.001"/>
  <system-out><![CDATA[]]></system-out>
  <system-err><![CDATA[]]></system-err>
</testsuite>
